cmd/tree-tagger-english exemple_anglais
English	NP	English
is	VBZ	be
a	DT	a
lot	NN	lot
like	IN	like
french	NNS	French
.	SENT	.
<Me>
It	PP	it
does	VBZ	do
n't	RB	n't
change	VB	change
anything	NN	anything
-	:	-
even	RB	even
with	IN	with
this	DT	this
-	:	-
or	CC	or
"	``	"
that	IN	that
"	``	"
</Me>
All	PDT	all
the	DT	the
problems	NNS	problem
are	VBP	be
the	DT	the
same	JJ	same
.	SENT	.
When	WRB	when
you	PP	you
say	VBP	say
TALN	NP	<unknown>
,	,	,
it	PP	it
does	VBZ	do
n't	RB	n't
understand	VB	understand
that	IN	that
it	PP	it
's	VBZ	be
an	DT	an
abbreviation	NN	abbreviation
.	SENT	.
This	DT	this
TreeTagger	NP	<unknown>
understand	VB	understand
when	WRB	when
you	PP	you
say	VBP	say
"	``	"
ca	MD	ca
n't	RB	n't
"	''	"
and	CC	and
when	WRB	when
you	PP	you
try	VBP	try
some	DT	some
interface	NN	interface
on	IN	on
the	DT	the
internet	NN	Internet
,	,	,
it	PP	it
does	VBZ	do
n't	RB	n't
understand	VB	understand
when	WRB	when
all	PDT	all
the	DT	the
word	NN	word
are	VBP	be
n't	RB	n't
completely	RB	completely
written	VBN	write
.	SENT	.
