cmd/tree-tagger-french exemple_francais
Aujourd’hui	NOM	<unknown>
le	DET:ART	le
16	NUM	@card@
mai	NOM	mai
2018	NUM	@card@
,	PUN	,
nous	PRO:PER	nous
présentons	VER:pres	présenter
notre	DET:POS	notre
exposé	NOM	exposé
sur	PRP	sur
les	DET:ART	le
TreeTagger	NAM	<unknown>
.	SENT	.
<Moi>
Je	PRO:PER	je
parle	VER:pres	parler
de	PRP	de
la	DET:ART	le
forêt	NOM	forêt
-	PUN	-
verte	ADJ	vert
-	PUN	-
et	KON	et
je	PRO:PER	je
me	PRO:PER	me
demande	VER:pres	demander
"	PUN:cit	"
si	KON	si
il	PRO:PER	il
comprend	VER:pres	comprendre
"	PUN:cit	"
</Moi>
Le	DET:ART	le
TALN	NAM	<unknown>
est	VER:pres	être
une	DET:ART	un
abréviation	NOM	abréviation
,	PUN	,
mais	KON	mais
il	PRO:PER	il
ne	ADV	ne
la	PRO:PER	la
comprends	VER:pres	comprendre
pas	ADV	pas
,	PUN	,
alors	ADV	alors
que	KON	que
BD	ABR	BD
,	PUN	,
si	ADV	si
.	SENT	.
Mais	KON	mais
il	PRO:PER	il
est	VER:pres	être
quand	ADV	quand
même	ADV	même
plus	ADV	plus
efficace	ADJ	efficace
que	KON	que
les	DET:ART	le
interfaces	NOM	interface
trouvées	VER:pper	trouver
en	PRP	en
ligne	NOM	ligne
,	PUN	,
qui	PRO:REL	qui
,	PUN	,
dès	PRP	dès
qu'	KON	que
on	PRO:PER	on
lui	PRO:PER	lui
met	VER:pres	mettre
un	DET:ART	un
"	PUN:cit	"
'	PUN	'
"	PUN:cit	"
,	PUN	,
se	PRO:PER	se
retrouve	VER:pres	retrouver
complètement	ADV	complètement
perdu	VER:pper	perdre
.	SENT	.
Oh	INT	oh
!	SENT	!
Il	PRO:PER	il
a	VER:pres	avoir
compris	VER:pper	comprendre
?	SENT	?
Il	PRO:PER	il
est	VER:pres	être
doué	VER:pper	douer
celui	PRO:DEM	celui
-là	ADV	là
!	SENT	!
Ce	PRO:DEM	ce
n'	ADV	ne
est	VER:pres	être
pas	ADV	pas
le	DET:ART	le
mien	PRO:POS	mien
.	SENT	.
Plusieurs	PRO:IND	plusieurs
semblent	VER:pres	sembler
correspondre	VER:infi	correspondre
.	SENT	.
Au	PRP:det	au
moins	ADV	moins
,	PUN	,
il	PRO:PER	il
a	VER:pres	avoir
compris	VER:pper	comprendre
.	SENT	.
Si	KON	si
j'	PRO:PER	je
écris	VER:pres	écrire
1+2	NOM	<unknown>
,	PUN	,
il	PRO:PER	il
ne	ADV	ne
comprend	VER:pres	comprendre
pas	ADV	pas
,	PUN	,
mais	KON	mais
si	KON	si
j'	PRO:PER	je
écris	VER:pres	écrire
1	NUM	@card@
+	SYM	+
2	NUM	@card@
,	PUN	,
là	ADV	là
c'	PRO:DEM	ce
est	VER:pres	être
bon	ADJ	bon
.	SENT	.
Qu'	KON	que
il	PRO:PER	il
me	PRO:PER	me
dise	VER:subp	dire
si	KON	si
c'	PRO:DEM	ce
est	VER:pres	être
du	PRP:det	du
subjonctif	NOM	subjonctif
!	SENT	!
J'	PRO:PER	je
aurai	VER:futu	avoir
voulu	VER:pper	vouloir
du	PRP:det	du
futur	NOM	futur
aussi	ADV	aussi
,	PUN	,
mais	KON	mais
je	PRO:PER	je
n'	ADV	ne
aurais	VER:cond	avoir
que	ADV	que
du	PRP:det	du
conditionnel	NOM	conditionnel
.	SENT	.
Trouve	VER:pres	trouver
l'	DET:ART	le
impératif	NOM	impératif
!	SENT	!
Ah	INT	ah
non	ADV	non
...	PUN	...
Je	PRO:PER	je
pensais	VER:impf	penser
qu'	KON	que
il	PRO:PER	il
pouvait	VER:impf	pouvoir
pourtant	ADV	pourtant
.	SENT	.
Il	PRO:PER	il
eut	VER:simp	avoir
dut	VER:simp	devoir
pourtant	ADV	pourtant
.	SENT	.
Sachez	VER:impe	savoir
que	KON	que
ceci	PRO:DEM	ceci
fonctionne	VER:pres	fonctionner
.	SENT	.
